INFO	?	main	2016-09-30T23:48:03.167Z	org.javacs.Main#connectToNode	Connected to parent using socket on port 55282
INFO	?	main	2016-09-30T23:48:03.284Z	org.javacs.JavaLanguageServer#doLint	Lint /Users/Tom/Documents/Code/git/euler/src/tomhaslam/euler/code/Problem0001.java
SEVERE	?	main	2016-09-30T23:48:03.289Z	org.javacs.Main$4#onError	Can't find configuration file for /Users/Tom/Documents/Code/git/euler/src/tomhaslam/euler/code/Problem0001.java
org.javacs.ShowMessageException: Can't find configuration file for /Users/Tom/Documents/Code/git/euler/src/tomhaslam/euler/code/Problem0001.java
	at org.javacs.ShowMessageException.create(ShowMessageException.java:30)
	at org.javacs.ShowMessageException.warning(ShowMessageException.java:21)
	at org.javacs.JavaLanguageServer$1.didOpen(JavaLanguageServer.java:194)
	at io.typefox.lsapi.services.transport.server.LanguageServerEndpoint._doAccept(LanguageServerEndpoint.xtend:198)
	at io.typefox.lsapi.services.transport.server.LanguageServerEndpoint.doAccept(LanguageServerEndpoint.xtend:194)
	at io.typefox.lsapi.services.transport.server.LanguageServerEndpoint.accept(LanguageServerEndpoint.xtend:114)
	at io.typefox.lsapi.services.transport.server.LanguageServerEndpoint.accept(LanguageServerEndpoint.xtend)
	at io.typefox.lsapi.services.transport.AbstractLanguageEndpoint.handleMessage(LanguageEndpoint.xtend:67)
	at io.typefox.lsapi.services.transport.AbstractLanguageEndpoint.lambda$connect$4(LanguageEndpoint.xtend:61)
	at io.typefox.lsapi.services.json.StreamMessageReader$1.apply(StreamMessageReader.java:46)
	at io.typefox.lsapi.services.json.StreamMessageReader$1.apply(StreamMessageReader.java:44)
	at io.typefox.lsapi.services.json.StreamMessageReader.handleMessage(StreamMessageReader.xtend:128)
	at io.typefox.lsapi.services.json.StreamMessageReader.listen(StreamMessageReader.xtend:61)
	at io.typefox.lsapi.services.transport.AbstractLanguageEndpoint.connect(LanguageEndpoint.xtend:60)
	at org.javacs.Main.run(Main.java:150)
	at org.javacs.Main.main(Main.java:69)
Caused by: org.javacs.NoJavaConfigException: Can't find configuration file for /Users/Tom/Documents/Code/git/euler/src/tomhaslam/euler/code/Problem0001.java
	at org.javacs.JavaLanguageServer.lambda$findCompiler$22(JavaLanguageServer.java:453)
	at java.util.Optional.orElseThrow(Optional.java:290)
	at org.javacs.JavaLanguageServer.findCompiler(JavaLanguageServer.java:453)
	at org.javacs.JavaLanguageServer.doLint(JavaLanguageServer.java:301)
	at org.javacs.JavaLanguageServer.access$400(JavaLanguageServer.java:29)
	at org.javacs.JavaLanguageServer$1.didOpen(JavaLanguageServer.java:191)
	... 13 more

INFO	?	main	2016-09-30T23:48:03.571Z	org.javacs.JavaLanguageServer#doLint	Lint /Users/Tom/Documents/Code/git/euler/src/tomhaslam/euler/code/Problem0003.java
SEVERE	?	main	2016-09-30T23:48:03.572Z	org.javacs.Main$4#onError	Can't find configuration file for /Users/Tom/Documents/Code/git/euler/src/tomhaslam/euler/code/Problem0003.java
org.javacs.ShowMessageException: Can't find configuration file for /Users/Tom/Documents/Code/git/euler/src/tomhaslam/euler/code/Problem0003.java
	at org.javacs.ShowMessageException.create(ShowMessageException.java:30)
	at org.javacs.ShowMessageException.warning(ShowMessageException.java:21)
	at org.javacs.JavaLanguageServer$1.didOpen(JavaLanguageServer.java:194)
	at io.typefox.lsapi.services.transport.server.LanguageServerEndpoint._doAccept(LanguageServerEndpoint.xtend:198)
	at io.typefox.lsapi.services.transport.server.LanguageServerEndpoint.doAccept(LanguageServerEndpoint.xtend:194)
	at io.typefox.lsapi.services.transport.server.LanguageServerEndpoint.accept(LanguageServerEndpoint.xtend:114)
	at io.typefox.lsapi.services.transport.server.LanguageServerEndpoint.accept(LanguageServerEndpoint.xtend)
	at io.typefox.lsapi.services.transport.AbstractLanguageEndpoint.handleMessage(LanguageEndpoint.xtend:67)
	at io.typefox.lsapi.services.transport.AbstractLanguageEndpoint.lambda$connect$4(LanguageEndpoint.xtend:61)
	at io.typefox.lsapi.services.json.StreamMessageReader$1.apply(StreamMessageReader.java:46)
	at io.typefox.lsapi.services.json.StreamMessageReader$1.apply(StreamMessageReader.java:44)
	at io.typefox.lsapi.services.json.StreamMessageReader.handleMessage(StreamMessageReader.xtend:128)
	at io.typefox.lsapi.services.json.StreamMessageReader.listen(StreamMessageReader.xtend:61)
	at io.typefox.lsapi.services.transport.AbstractLanguageEndpoint.connect(LanguageEndpoint.xtend:60)
	at org.javacs.Main.run(Main.java:150)
	at org.javacs.Main.main(Main.java:69)
Caused by: org.javacs.NoJavaConfigException: Can't find configuration file for /Users/Tom/Documents/Code/git/euler/src/tomhaslam/euler/code/Problem0003.java
	at org.javacs.JavaLanguageServer.lambda$findCompiler$22(JavaLanguageServer.java:453)
	at java.util.Optional.orElseThrow(Optional.java:290)
	at org.javacs.JavaLanguageServer.findCompiler(JavaLanguageServer.java:453)
	at org.javacs.JavaLanguageServer.doLint(JavaLanguageServer.java:301)
	at org.javacs.JavaLanguageServer.access$400(JavaLanguageServer.java:29)
	at org.javacs.JavaLanguageServer$1.didOpen(JavaLanguageServer.java:191)
	... 13 more

SEVERE	?	main	2016-09-30T23:48:03.573Z	org.javacs.Main$4#onError	Can't find configuration file for /Users/Tom/Documents/Code/git/euler/src/tomhaslam/euler/code/Problem0001.java
org.javacs.NoJavaConfigException: Can't find configuration file for /Users/Tom/Documents/Code/git/euler/src/tomhaslam/euler/code/Problem0001.java
	at org.javacs.JavaLanguageServer.lambda$findCompiler$22(JavaLanguageServer.java:453)
	at java.util.Optional.orElseThrow(Optional.java:290)
	at org.javacs.JavaLanguageServer.findCompiler(JavaLanguageServer.java:453)
	at org.javacs.JavaLanguageServer$1.didClose(JavaLanguageServer.java:225)
	at io.typefox.lsapi.services.transport.server.LanguageServerEndpoint._doAccept(LanguageServerEndpoint.xtend:202)
	at io.typefox.lsapi.services.transport.server.LanguageServerEndpoint.doAccept(LanguageServerEndpoint.xtend:194)
	at io.typefox.lsapi.services.transport.server.LanguageServerEndpoint.accept(LanguageServerEndpoint.xtend:114)
	at io.typefox.lsapi.services.transport.server.LanguageServerEndpoint.accept(LanguageServerEndpoint.xtend)
	at io.typefox.lsapi.services.transport.AbstractLanguageEndpoint.handleMessage(LanguageEndpoint.xtend:67)
	at io.typefox.lsapi.services.transport.AbstractLanguageEndpoint.lambda$connect$4(LanguageEndpoint.xtend:61)
	at io.typefox.lsapi.services.json.StreamMessageReader$1.apply(StreamMessageReader.java:46)
	at io.typefox.lsapi.services.json.StreamMessageReader$1.apply(StreamMessageReader.java:44)
	at io.typefox.lsapi.services.json.StreamMessageReader.handleMessage(StreamMessageReader.xtend:128)
	at io.typefox.lsapi.services.json.StreamMessageReader.listen(StreamMessageReader.xtend:61)
	at io.typefox.lsapi.services.transport.AbstractLanguageEndpoint.connect(LanguageEndpoint.xtend:60)
	at org.javacs.Main.run(Main.java:150)
	at org.javacs.Main.main(Main.java:69)

INFO	?	main	2016-09-30T23:48:04.439Z	org.javacs.JavaLanguageServer#doLint	Lint /Users/Tom/Documents/Code/git/euler/src/tomhaslam/euler/code/Problem0005.java
SEVERE	?	main	2016-09-30T23:48:04.440Z	org.javacs.Main$4#onError	Can't find configuration file for /Users/Tom/Documents/Code/git/euler/src/tomhaslam/euler/code/Problem0005.java
org.javacs.ShowMessageException: Can't find configuration file for /Users/Tom/Documents/Code/git/euler/src/tomhaslam/euler/code/Problem0005.java
	at org.javacs.ShowMessageException.create(ShowMessageException.java:30)
	at org.javacs.ShowMessageException.warning(ShowMessageException.java:21)
	at org.javacs.JavaLanguageServer$1.didOpen(JavaLanguageServer.java:194)
	at io.typefox.lsapi.services.transport.server.LanguageServerEndpoint._doAccept(LanguageServerEndpoint.xtend:198)
	at io.typefox.lsapi.services.transport.server.LanguageServerEndpoint.doAccept(LanguageServerEndpoint.xtend:194)
	at io.typefox.lsapi.services.transport.server.LanguageServerEndpoint.accept(LanguageServerEndpoint.xtend:114)
	at io.typefox.lsapi.services.transport.server.LanguageServerEndpoint.accept(LanguageServerEndpoint.xtend)
	at io.typefox.lsapi.services.transport.AbstractLanguageEndpoint.handleMessage(LanguageEndpoint.xtend:67)
	at io.typefox.lsapi.services.transport.AbstractLanguageEndpoint.lambda$connect$4(LanguageEndpoint.xtend:61)
	at io.typefox.lsapi.services.json.StreamMessageReader$1.apply(StreamMessageReader.java:46)
	at io.typefox.lsapi.services.json.StreamMessageReader$1.apply(StreamMessageReader.java:44)
	at io.typefox.lsapi.services.json.StreamMessageReader.handleMessage(StreamMessageReader.xtend:128)
	at io.typefox.lsapi.services.json.StreamMessageReader.listen(StreamMessageReader.xtend:61)
	at io.typefox.lsapi.services.transport.AbstractLanguageEndpoint.connect(LanguageEndpoint.xtend:60)
	at org.javacs.Main.run(Main.java:150)
	at org.javacs.Main.main(Main.java:69)
Caused by: org.javacs.NoJavaConfigException: Can't find configuration file for /Users/Tom/Documents/Code/git/euler/src/tomhaslam/euler/code/Problem0005.java
	at org.javacs.JavaLanguageServer.lambda$findCompiler$22(JavaLanguageServer.java:453)
	at java.util.Optional.orElseThrow(Optional.java:290)
	at org.javacs.JavaLanguageServer.findCompiler(JavaLanguageServer.java:453)
	at org.javacs.JavaLanguageServer.doLint(JavaLanguageServer.java:301)
	at org.javacs.JavaLanguageServer.access$400(JavaLanguageServer.java:29)
	at org.javacs.JavaLanguageServer$1.didOpen(JavaLanguageServer.java:191)
	... 13 more

SEVERE	?	main	2016-09-30T23:48:04.441Z	org.javacs.Main$4#onError	Can't find configuration file for /Users/Tom/Documents/Code/git/euler/src/tomhaslam/euler/code/Problem0003.java
org.javacs.NoJavaConfigException: Can't find configuration file for /Users/Tom/Documents/Code/git/euler/src/tomhaslam/euler/code/Problem0003.java
	at org.javacs.JavaLanguageServer.lambda$findCompiler$22(JavaLanguageServer.java:453)
	at java.util.Optional.orElseThrow(Optional.java:290)
	at org.javacs.JavaLanguageServer.findCompiler(JavaLanguageServer.java:453)
	at org.javacs.JavaLanguageServer$1.didClose(JavaLanguageServer.java:225)
	at io.typefox.lsapi.services.transport.server.LanguageServerEndpoint._doAccept(LanguageServerEndpoint.xtend:202)
	at io.typefox.lsapi.services.transport.server.LanguageServerEndpoint.doAccept(LanguageServerEndpoint.xtend:194)
	at io.typefox.lsapi.services.transport.server.LanguageServerEndpoint.accept(LanguageServerEndpoint.xtend:114)
	at io.typefox.lsapi.services.transport.server.LanguageServerEndpoint.accept(LanguageServerEndpoint.xtend)
	at io.typefox.lsapi.services.transport.AbstractLanguageEndpoint.handleMessage(LanguageEndpoint.xtend:67)
	at io.typefox.lsapi.services.transport.AbstractLanguageEndpoint.lambda$connect$4(LanguageEndpoint.xtend:61)
	at io.typefox.lsapi.services.json.StreamMessageReader$1.apply(StreamMessageReader.java:46)
	at io.typefox.lsapi.services.json.StreamMessageReader$1.apply(StreamMessageReader.java:44)
	at io.typefox.lsapi.services.json.StreamMessageReader.handleMessage(StreamMessageReader.xtend:128)
	at io.typefox.lsapi.services.json.StreamMessageReader.listen(StreamMessageReader.xtend:61)
	at io.typefox.lsapi.services.transport.AbstractLanguageEndpoint.connect(LanguageEndpoint.xtend:60)
	at org.javacs.Main.run(Main.java:150)
	at org.javacs.Main.main(Main.java:69)

INFO	?	main	2016-09-30T23:48:06.914Z	org.javacs.JavaLanguageServer#doLint	Lint /Users/Tom/Documents/Code/git/euler/src/tomhaslam/euler/code/Problem0007.java
SEVERE	?	main	2016-09-30T23:48:06.914Z	org.javacs.Main$4#onError	Can't find configuration file for /Users/Tom/Documents/Code/git/euler/src/tomhaslam/euler/code/Problem0007.java
org.javacs.ShowMessageException: Can't find configuration file for /Users/Tom/Documents/Code/git/euler/src/tomhaslam/euler/code/Problem0007.java
	at org.javacs.ShowMessageException.create(ShowMessageException.java:30)
	at org.javacs.ShowMessageException.warning(ShowMessageException.java:21)
	at org.javacs.JavaLanguageServer$1.didOpen(JavaLanguageServer.java:194)
	at io.typefox.lsapi.services.transport.server.LanguageServerEndpoint._doAccept(LanguageServerEndpoint.xtend:198)
	at io.typefox.lsapi.services.transport.server.LanguageServerEndpoint.doAccept(LanguageServerEndpoint.xtend:194)
	at io.typefox.lsapi.services.transport.server.LanguageServerEndpoint.accept(LanguageServerEndpoint.xtend:114)
	at io.typefox.lsapi.services.transport.server.LanguageServerEndpoint.accept(LanguageServerEndpoint.xtend)
	at io.typefox.lsapi.services.transport.AbstractLanguageEndpoint.handleMessage(LanguageEndpoint.xtend:67)
	at io.typefox.lsapi.services.transport.AbstractLanguageEndpoint.lambda$connect$4(LanguageEndpoint.xtend:61)
	at io.typefox.lsapi.services.json.StreamMessageReader$1.apply(StreamMessageReader.java:46)
	at io.typefox.lsapi.services.json.StreamMessageReader$1.apply(StreamMessageReader.java:44)
	at io.typefox.lsapi.services.json.StreamMessageReader.handleMessage(StreamMessageReader.xtend:128)
	at io.typefox.lsapi.services.json.StreamMessageReader.listen(StreamMessageReader.xtend:61)
	at io.typefox.lsapi.services.transport.AbstractLanguageEndpoint.connect(LanguageEndpoint.xtend:60)
	at org.javacs.Main.run(Main.java:150)
	at org.javacs.Main.main(Main.java:69)
Caused by: org.javacs.NoJavaConfigException: Can't find configuration file for /Users/Tom/Documents/Code/git/euler/src/tomhaslam/euler/code/Problem0007.java
	at org.javacs.JavaLanguageServer.lambda$findCompiler$22(JavaLanguageServer.java:453)
	at java.util.Optional.orElseThrow(Optional.java:290)
	at org.javacs.JavaLanguageServer.findCompiler(JavaLanguageServer.java:453)
	at org.javacs.JavaLanguageServer.doLint(JavaLanguageServer.java:301)
	at org.javacs.JavaLanguageServer.access$400(JavaLanguageServer.java:29)
	at org.javacs.JavaLanguageServer$1.didOpen(JavaLanguageServer.java:191)
	... 13 more

SEVERE	?	main	2016-09-30T23:48:06.916Z	org.javacs.Main$4#onError	Can't find configuration file for /Users/Tom/Documents/Code/git/euler/src/tomhaslam/euler/code/Problem0005.java
org.javacs.NoJavaConfigException: Can't find configuration file for /Users/Tom/Documents/Code/git/euler/src/tomhaslam/euler/code/Problem0005.java
	at org.javacs.JavaLanguageServer.lambda$findCompiler$22(JavaLanguageServer.java:453)
	at java.util.Optional.orElseThrow(Optional.java:290)
	at org.javacs.JavaLanguageServer.findCompiler(JavaLanguageServer.java:453)
	at org.javacs.JavaLanguageServer$1.didClose(JavaLanguageServer.java:225)
	at io.typefox.lsapi.services.transport.server.LanguageServerEndpoint._doAccept(LanguageServerEndpoint.xtend:202)
	at io.typefox.lsapi.services.transport.server.LanguageServerEndpoint.doAccept(LanguageServerEndpoint.xtend:194)
	at io.typefox.lsapi.services.transport.server.LanguageServerEndpoint.accept(LanguageServerEndpoint.xtend:114)
	at io.typefox.lsapi.services.transport.server.LanguageServerEndpoint.accept(LanguageServerEndpoint.xtend)
	at io.typefox.lsapi.services.transport.AbstractLanguageEndpoint.handleMessage(LanguageEndpoint.xtend:67)
	at io.typefox.lsapi.services.transport.AbstractLanguageEndpoint.lambda$connect$4(LanguageEndpoint.xtend:61)
	at io.typefox.lsapi.services.json.StreamMessageReader$1.apply(StreamMessageReader.java:46)
	at io.typefox.lsapi.services.json.StreamMessageReader$1.apply(StreamMessageReader.java:44)
	at io.typefox.lsapi.services.json.StreamMessageReader.handleMessage(StreamMessageReader.xtend:128)
	at io.typefox.lsapi.services.json.StreamMessageReader.listen(StreamMessageReader.xtend:61)
	at io.typefox.lsapi.services.transport.AbstractLanguageEndpoint.connect(LanguageEndpoint.xtend:60)
	at org.javacs.Main.run(Main.java:150)
	at org.javacs.Main.main(Main.java:69)

INFO	?	main	2016-09-30T23:48:08.340Z	org.javacs.JavaLanguageServer#doLint	Lint /Users/Tom/Documents/Code/git/euler/src/tomhaslam/euler/code/Problem0005.java
SEVERE	?	main	2016-09-30T23:48:08.340Z	org.javacs.Main$4#onError	Can't find configuration file for /Users/Tom/Documents/Code/git/euler/src/tomhaslam/euler/code/Problem0005.java
org.javacs.ShowMessageException: Can't find configuration file for /Users/Tom/Documents/Code/git/euler/src/tomhaslam/euler/code/Problem0005.java
	at org.javacs.ShowMessageException.create(ShowMessageException.java:30)
	at org.javacs.ShowMessageException.warning(ShowMessageException.java:21)
	at org.javacs.JavaLanguageServer$1.didOpen(JavaLanguageServer.java:194)
	at io.typefox.lsapi.services.transport.server.LanguageServerEndpoint._doAccept(LanguageServerEndpoint.xtend:198)
	at io.typefox.lsapi.services.transport.server.LanguageServerEndpoint.doAccept(LanguageServerEndpoint.xtend:194)
	at io.typefox.lsapi.services.transport.server.LanguageServerEndpoint.accept(LanguageServerEndpoint.xtend:114)
	at io.typefox.lsapi.services.transport.server.LanguageServerEndpoint.accept(LanguageServerEndpoint.xtend)
	at io.typefox.lsapi.services.transport.AbstractLanguageEndpoint.handleMessage(LanguageEndpoint.xtend:67)
	at io.typefox.lsapi.services.transport.AbstractLanguageEndpoint.lambda$connect$4(LanguageEndpoint.xtend:61)
	at io.typefox.lsapi.services.json.StreamMessageReader$1.apply(StreamMessageReader.java:46)
	at io.typefox.lsapi.services.json.StreamMessageReader$1.apply(StreamMessageReader.java:44)
	at io.typefox.lsapi.services.json.StreamMessageReader.handleMessage(StreamMessageReader.xtend:128)
	at io.typefox.lsapi.services.json.StreamMessageReader.listen(StreamMessageReader.xtend:61)
	at io.typefox.lsapi.services.transport.AbstractLanguageEndpoint.connect(LanguageEndpoint.xtend:60)
	at org.javacs.Main.run(Main.java:150)
	at org.javacs.Main.main(Main.java:69)
Caused by: org.javacs.NoJavaConfigException: Can't find configuration file for /Users/Tom/Documents/Code/git/euler/src/tomhaslam/euler/code/Problem0005.java
	at org.javacs.JavaLanguageServer.lambda$findCompiler$22(JavaLanguageServer.java:453)
	at java.util.Optional.orElseThrow(Optional.java:290)
	at org.javacs.JavaLanguageServer.findCompiler(JavaLanguageServer.java:453)
	at org.javacs.JavaLanguageServer.doLint(JavaLanguageServer.java:301)
	at org.javacs.JavaLanguageServer.access$400(JavaLanguageServer.java:29)
	at org.javacs.JavaLanguageServer$1.didOpen(JavaLanguageServer.java:191)
	... 13 more

SEVERE	?	main	2016-09-30T23:48:08.341Z	org.javacs.Main$4#onError	Can't find configuration file for /Users/Tom/Documents/Code/git/euler/src/tomhaslam/euler/code/Problem0007.java
org.javacs.NoJavaConfigException: Can't find configuration file for /Users/Tom/Documents/Code/git/euler/src/tomhaslam/euler/code/Problem0007.java
	at org.javacs.JavaLanguageServer.lambda$findCompiler$22(JavaLanguageServer.java:453)
	at java.util.Optional.orElseThrow(Optional.java:290)
	at org.javacs.JavaLanguageServer.findCompiler(JavaLanguageServer.java:453)
	at org.javacs.JavaLanguageServer$1.didClose(JavaLanguageServer.java:225)
	at io.typefox.lsapi.services.transport.server.LanguageServerEndpoint._doAccept(LanguageServerEndpoint.xtend:202)
	at io.typefox.lsapi.services.transport.server.LanguageServerEndpoint.doAccept(LanguageServerEndpoint.xtend:194)
	at io.typefox.lsapi.services.transport.server.LanguageServerEndpoint.accept(LanguageServerEndpoint.xtend:114)
	at io.typefox.lsapi.services.transport.server.LanguageServerEndpoint.accept(LanguageServerEndpoint.xtend)
	at io.typefox.lsapi.services.transport.AbstractLanguageEndpoint.handleMessage(LanguageEndpoint.xtend:67)
	at io.typefox.lsapi.services.transport.AbstractLanguageEndpoint.lambda$connect$4(LanguageEndpoint.xtend:61)
	at io.typefox.lsapi.services.json.StreamMessageReader$1.apply(StreamMessageReader.java:46)
	at io.typefox.lsapi.services.json.StreamMessageReader$1.apply(StreamMessageReader.java:44)
	at io.typefox.lsapi.services.json.StreamMessageReader.handleMessage(StreamMessageReader.xtend:128)
	at io.typefox.lsapi.services.json.StreamMessageReader.listen(StreamMessageReader.xtend:61)
	at io.typefox.lsapi.services.transport.AbstractLanguageEndpoint.connect(LanguageEndpoint.xtend:60)
	at org.javacs.Main.run(Main.java:150)
	at org.javacs.Main.main(Main.java:69)

INFO	?	main	2016-09-30T23:48:08.938Z	org.javacs.JavaLanguageServer#doLint	Lint /Users/Tom/Documents/Code/git/euler/src/tomhaslam/euler/code/Problem0003.java
SEVERE	?	main	2016-09-30T23:48:08.939Z	org.javacs.Main$4#onError	Can't find configuration file for /Users/Tom/Documents/Code/git/euler/src/tomhaslam/euler/code/Problem0003.java
org.javacs.ShowMessageException: Can't find configuration file for /Users/Tom/Documents/Code/git/euler/src/tomhaslam/euler/code/Problem0003.java
	at org.javacs.ShowMessageException.create(ShowMessageException.java:30)
	at org.javacs.ShowMessageException.warning(ShowMessageException.java:21)
	at org.javacs.JavaLanguageServer$1.didOpen(JavaLanguageServer.java:194)
	at io.typefox.lsapi.services.transport.server.LanguageServerEndpoint._doAccept(LanguageServerEndpoint.xtend:198)
	at io.typefox.lsapi.services.transport.server.LanguageServerEndpoint.doAccept(LanguageServerEndpoint.xtend:194)
	at io.typefox.lsapi.services.transport.server.LanguageServerEndpoint.accept(LanguageServerEndpoint.xtend:114)
	at io.typefox.lsapi.services.transport.server.LanguageServerEndpoint.accept(LanguageServerEndpoint.xtend)
	at io.typefox.lsapi.services.transport.AbstractLanguageEndpoint.handleMessage(LanguageEndpoint.xtend:67)
	at io.typefox.lsapi.services.transport.AbstractLanguageEndpoint.lambda$connect$4(LanguageEndpoint.xtend:61)
	at io.typefox.lsapi.services.json.StreamMessageReader$1.apply(StreamMessageReader.java:46)
	at io.typefox.lsapi.services.json.StreamMessageReader$1.apply(StreamMessageReader.java:44)
	at io.typefox.lsapi.services.json.StreamMessageReader.handleMessage(StreamMessageReader.xtend:128)
	at io.typefox.lsapi.services.json.StreamMessageReader.listen(StreamMessageReader.xtend:61)
	at io.typefox.lsapi.services.transport.AbstractLanguageEndpoint.connect(LanguageEndpoint.xtend:60)
	at org.javacs.Main.run(Main.java:150)
	at org.javacs.Main.main(Main.java:69)
Caused by: org.javacs.NoJavaConfigException: Can't find configuration file for /Users/Tom/Documents/Code/git/euler/src/tomhaslam/euler/code/Problem0003.java
	at org.javacs.JavaLanguageServer.lambda$findCompiler$22(JavaLanguageServer.java:453)
	at java.util.Optional.orElseThrow(Optional.java:290)
	at org.javacs.JavaLanguageServer.findCompiler(JavaLanguageServer.java:453)
	at org.javacs.JavaLanguageServer.doLint(JavaLanguageServer.java:301)
	at org.javacs.JavaLanguageServer.access$400(JavaLanguageServer.java:29)
	at org.javacs.JavaLanguageServer$1.didOpen(JavaLanguageServer.java:191)
	... 13 more

SEVERE	?	main	2016-09-30T23:48:08.939Z	org.javacs.Main$4#onError	Can't find configuration file for /Users/Tom/Documents/Code/git/euler/src/tomhaslam/euler/code/Problem0005.java
org.javacs.NoJavaConfigException: Can't find configuration file for /Users/Tom/Documents/Code/git/euler/src/tomhaslam/euler/code/Problem0005.java
	at org.javacs.JavaLanguageServer.lambda$findCompiler$22(JavaLanguageServer.java:453)
	at java.util.Optional.orElseThrow(Optional.java:290)
	at org.javacs.JavaLanguageServer.findCompiler(JavaLanguageServer.java:453)
	at org.javacs.JavaLanguageServer$1.didClose(JavaLanguageServer.java:225)
	at io.typefox.lsapi.services.transport.server.LanguageServerEndpoint._doAccept(LanguageServerEndpoint.xtend:202)
	at io.typefox.lsapi.services.transport.server.LanguageServerEndpoint.doAccept(LanguageServerEndpoint.xtend:194)
	at io.typefox.lsapi.services.transport.server.LanguageServerEndpoint.accept(LanguageServerEndpoint.xtend:114)
	at io.typefox.lsapi.services.transport.server.LanguageServerEndpoint.accept(LanguageServerEndpoint.xtend)
	at io.typefox.lsapi.services.transport.AbstractLanguageEndpoint.handleMessage(LanguageEndpoint.xtend:67)
	at io.typefox.lsapi.services.transport.AbstractLanguageEndpoint.lambda$connect$4(LanguageEndpoint.xtend:61)
	at io.typefox.lsapi.services.json.StreamMessageReader$1.apply(StreamMessageReader.java:46)
	at io.typefox.lsapi.services.json.StreamMessageReader$1.apply(StreamMessageReader.java:44)
	at io.typefox.lsapi.services.json.StreamMessageReader.handleMessage(StreamMessageReader.xtend:128)
	at io.typefox.lsapi.services.json.StreamMessageReader.listen(StreamMessageReader.xtend:61)
	at io.typefox.lsapi.services.transport.AbstractLanguageEndpoint.connect(LanguageEndpoint.xtend:60)
	at org.javacs.Main.run(Main.java:150)
	at org.javacs.Main.main(Main.java:69)

INFO	?	main	2016-09-30T23:48:10.733Z	org.javacs.JavaLanguageServer#doLint	Lint /Users/Tom/Documents/Code/git/euler/src/tomhaslam/euler/code/Main.java
SEVERE	?	main	2016-09-30T23:48:10.733Z	org.javacs.Main$4#onError	Can't find configuration file for /Users/Tom/Documents/Code/git/euler/src/tomhaslam/euler/code/Main.java
org.javacs.ShowMessageException: Can't find configuration file for /Users/Tom/Documents/Code/git/euler/src/tomhaslam/euler/code/Main.java
	at org.javacs.ShowMessageException.create(ShowMessageException.java:30)
	at org.javacs.ShowMessageException.warning(ShowMessageException.java:21)
	at org.javacs.JavaLanguageServer$1.didOpen(JavaLanguageServer.java:194)
	at io.typefox.lsapi.services.transport.server.LanguageServerEndpoint._doAccept(LanguageServerEndpoint.xtend:198)
	at io.typefox.lsapi.services.transport.server.LanguageServerEndpoint.doAccept(LanguageServerEndpoint.xtend:194)
	at io.typefox.lsapi.services.transport.server.LanguageServerEndpoint.accept(LanguageServerEndpoint.xtend:114)
	at io.typefox.lsapi.services.transport.server.LanguageServerEndpoint.accept(LanguageServerEndpoint.xtend)
	at io.typefox.lsapi.services.transport.AbstractLanguageEndpoint.handleMessage(LanguageEndpoint.xtend:67)
	at io.typefox.lsapi.services.transport.AbstractLanguageEndpoint.lambda$connect$4(LanguageEndpoint.xtend:61)
	at io.typefox.lsapi.services.json.StreamMessageReader$1.apply(StreamMessageReader.java:46)
	at io.typefox.lsapi.services.json.StreamMessageReader$1.apply(StreamMessageReader.java:44)
	at io.typefox.lsapi.services.json.StreamMessageReader.handleMessage(StreamMessageReader.xtend:128)
	at io.typefox.lsapi.services.json.StreamMessageReader.listen(StreamMessageReader.xtend:61)
	at io.typefox.lsapi.services.transport.AbstractLanguageEndpoint.connect(LanguageEndpoint.xtend:60)
	at org.javacs.Main.run(Main.java:150)
	at org.javacs.Main.main(Main.java:69)
Caused by: org.javacs.NoJavaConfigException: Can't find configuration file for /Users/Tom/Documents/Code/git/euler/src/tomhaslam/euler/code/Main.java
	at org.javacs.JavaLanguageServer.lambda$findCompiler$22(JavaLanguageServer.java:453)
	at java.util.Optional.orElseThrow(Optional.java:290)
	at org.javacs.JavaLanguageServer.findCompiler(JavaLanguageServer.java:453)
	at org.javacs.JavaLanguageServer.doLint(JavaLanguageServer.java:301)
	at org.javacs.JavaLanguageServer.access$400(JavaLanguageServer.java:29)
	at org.javacs.JavaLanguageServer$1.didOpen(JavaLanguageServer.java:191)
	... 13 more

SEVERE	?	main	2016-09-30T23:48:10.735Z	org.javacs.Main$4#onError	Can't find configuration file for /Users/Tom/Documents/Code/git/euler/src/tomhaslam/euler/code/Problem0003.java
org.javacs.NoJavaConfigException: Can't find configuration file for /Users/Tom/Documents/Code/git/euler/src/tomhaslam/euler/code/Problem0003.java
	at org.javacs.JavaLanguageServer.lambda$findCompiler$22(JavaLanguageServer.java:453)
	at java.util.Optional.orElseThrow(Optional.java:290)
	at org.javacs.JavaLanguageServer.findCompiler(JavaLanguageServer.java:453)
	at org.javacs.JavaLanguageServer$1.didClose(JavaLanguageServer.java:225)
	at io.typefox.lsapi.services.transport.server.LanguageServerEndpoint._doAccept(LanguageServerEndpoint.xtend:202)
	at io.typefox.lsapi.services.transport.server.LanguageServerEndpoint.doAccept(LanguageServerEndpoint.xtend:194)
	at io.typefox.lsapi.services.transport.server.LanguageServerEndpoint.accept(LanguageServerEndpoint.xtend:114)
	at io.typefox.lsapi.services.transport.server.LanguageServerEndpoint.accept(LanguageServerEndpoint.xtend)
	at io.typefox.lsapi.services.transport.AbstractLanguageEndpoint.handleMessage(LanguageEndpoint.xtend:67)
	at io.typefox.lsapi.services.transport.AbstractLanguageEndpoint.lambda$connect$4(LanguageEndpoint.xtend:61)
	at io.typefox.lsapi.services.json.StreamMessageReader$1.apply(StreamMessageReader.java:46)
	at io.typefox.lsapi.services.json.StreamMessageReader$1.apply(StreamMessageReader.java:44)
	at io.typefox.lsapi.services.json.StreamMessageReader.handleMessage(StreamMessageReader.xtend:128)
	at io.typefox.lsapi.services.json.StreamMessageReader.listen(StreamMessageReader.xtend:61)
	at io.typefox.lsapi.services.transport.AbstractLanguageEndpoint.connect(LanguageEndpoint.xtend:60)
	at org.javacs.Main.run(Main.java:150)
	at org.javacs.Main.main(Main.java:69)

SEVERE	?	main	2016-09-30T23:48:15.814Z	org.javacs.Main$4#onError	Can't find configuration file for /Users/Tom/Documents/Code/git/euler/src/tomhaslam/euler/code/Main.java
org.javacs.NoJavaConfigException: Can't find configuration file for /Users/Tom/Documents/Code/git/euler/src/tomhaslam/euler/code/Main.java
	at org.javacs.JavaLanguageServer.lambda$findCompiler$22(JavaLanguageServer.java:453)
	at java.util.Optional.orElseThrow(Optional.java:290)
	at org.javacs.JavaLanguageServer.findCompiler(JavaLanguageServer.java:453)
	at org.javacs.JavaLanguageServer$1.didClose(JavaLanguageServer.java:225)
	at io.typefox.lsapi.services.transport.server.LanguageServerEndpoint._doAccept(LanguageServerEndpoint.xtend:202)
	at io.typefox.lsapi.services.transport.server.LanguageServerEndpoint.doAccept(LanguageServerEndpoint.xtend:194)
	at io.typefox.lsapi.services.transport.server.LanguageServerEndpoint.accept(LanguageServerEndpoint.xtend:114)
	at io.typefox.lsapi.services.transport.server.LanguageServerEndpoint.accept(LanguageServerEndpoint.xtend)
	at io.typefox.lsapi.services.transport.AbstractLanguageEndpoint.handleMessage(LanguageEndpoint.xtend:67)
	at io.typefox.lsapi.services.transport.AbstractLanguageEndpoint.lambda$connect$4(LanguageEndpoint.xtend:61)
	at io.typefox.lsapi.services.json.StreamMessageReader$1.apply(StreamMessageReader.java:46)
	at io.typefox.lsapi.services.json.StreamMessageReader$1.apply(StreamMessageReader.java:44)
	at io.typefox.lsapi.services.json.StreamMessageReader.handleMessage(StreamMessageReader.xtend:128)
	at io.typefox.lsapi.services.json.StreamMessageReader.listen(StreamMessageReader.xtend:61)
	at io.typefox.lsapi.services.transport.AbstractLanguageEndpoint.connect(LanguageEndpoint.xtend:60)
	at org.javacs.Main.run(Main.java:150)
	at org.javacs.Main.main(Main.java:69)

INFO	?	main	2016-09-30T23:48:16.391Z	org.javacs.JavaLanguageServer#doLint	Lint /Users/Tom/Documents/Code/git/euler/src/tomhaslam/euler/code/Main.java
SEVERE	?	main	2016-09-30T23:48:16.391Z	org.javacs.Main$4#onError	Can't find configuration file for /Users/Tom/Documents/Code/git/euler/src/tomhaslam/euler/code/Main.java
org.javacs.ShowMessageException: Can't find configuration file for /Users/Tom/Documents/Code/git/euler/src/tomhaslam/euler/code/Main.java
	at org.javacs.ShowMessageException.create(ShowMessageException.java:30)
	at org.javacs.ShowMessageException.warning(ShowMessageException.java:21)
	at org.javacs.JavaLanguageServer$1.didOpen(JavaLanguageServer.java:194)
	at io.typefox.lsapi.services.transport.server.LanguageServerEndpoint._doAccept(LanguageServerEndpoint.xtend:198)
	at io.typefox.lsapi.services.transport.server.LanguageServerEndpoint.doAccept(LanguageServerEndpoint.xtend:194)
	at io.typefox.lsapi.services.transport.server.LanguageServerEndpoint.accept(LanguageServerEndpoint.xtend:114)
	at io.typefox.lsapi.services.transport.server.LanguageServerEndpoint.accept(LanguageServerEndpoint.xtend)
	at io.typefox.lsapi.services.transport.AbstractLanguageEndpoint.handleMessage(LanguageEndpoint.xtend:67)
	at io.typefox.lsapi.services.transport.AbstractLanguageEndpoint.lambda$connect$4(LanguageEndpoint.xtend:61)
	at io.typefox.lsapi.services.json.StreamMessageReader$1.apply(StreamMessageReader.java:46)
	at io.typefox.lsapi.services.json.StreamMessageReader$1.apply(StreamMessageReader.java:44)
	at io.typefox.lsapi.services.json.StreamMessageReader.handleMessage(StreamMessageReader.xtend:128)
	at io.typefox.lsapi.services.json.StreamMessageReader.listen(StreamMessageReader.xtend:61)
	at io.typefox.lsapi.services.transport.AbstractLanguageEndpoint.connect(LanguageEndpoint.xtend:60)
	at org.javacs.Main.run(Main.java:150)
	at org.javacs.Main.main(Main.java:69)
Caused by: org.javacs.NoJavaConfigException: Can't find configuration file for /Users/Tom/Documents/Code/git/euler/src/tomhaslam/euler/code/Main.java
	at org.javacs.JavaLanguageServer.lambda$findCompiler$22(JavaLanguageServer.java:453)
	at java.util.Optional.orElseThrow(Optional.java:290)
	at org.javacs.JavaLanguageServer.findCompiler(JavaLanguageServer.java:453)
	at org.javacs.JavaLanguageServer.doLint(JavaLanguageServer.java:301)
	at org.javacs.JavaLanguageServer.access$400(JavaLanguageServer.java:29)
	at org.javacs.JavaLanguageServer$1.didOpen(JavaLanguageServer.java:191)
	... 13 more

SEVERE	?	main	2016-09-30T23:48:17.800Z	org.javacs.Main$4#onError	Can't find configuration file for /Users/Tom/Documents/Code/git/euler/src/tomhaslam/euler/code/Main.java
org.javacs.NoJavaConfigException: Can't find configuration file for /Users/Tom/Documents/Code/git/euler/src/tomhaslam/euler/code/Main.java
	at org.javacs.JavaLanguageServer.lambda$findCompiler$22(JavaLanguageServer.java:453)
	at java.util.Optional.orElseThrow(Optional.java:290)
	at org.javacs.JavaLanguageServer.findCompiler(JavaLanguageServer.java:453)
	at org.javacs.JavaLanguageServer$1.didClose(JavaLanguageServer.java:225)
	at io.typefox.lsapi.services.transport.server.LanguageServerEndpoint._doAccept(LanguageServerEndpoint.xtend:202)
	at io.typefox.lsapi.services.transport.server.LanguageServerEndpoint.doAccept(LanguageServerEndpoint.xtend:194)
	at io.typefox.lsapi.services.transport.server.LanguageServerEndpoint.accept(LanguageServerEndpoint.xtend:114)
	at io.typefox.lsapi.services.transport.server.LanguageServerEndpoint.accept(LanguageServerEndpoint.xtend)
	at io.typefox.lsapi.services.transport.AbstractLanguageEndpoint.handleMessage(LanguageEndpoint.xtend:67)
	at io.typefox.lsapi.services.transport.AbstractLanguageEndpoint.lambda$connect$4(LanguageEndpoint.xtend:61)
	at io.typefox.lsapi.services.json.StreamMessageReader$1.apply(StreamMessageReader.java:46)
	at io.typefox.lsapi.services.json.StreamMessageReader$1.apply(StreamMessageReader.java:44)
	at io.typefox.lsapi.services.json.StreamMessageReader.handleMessage(StreamMessageReader.xtend:128)
	at io.typefox.lsapi.services.json.StreamMessageReader.listen(StreamMessageReader.xtend:61)
	at io.typefox.lsapi.services.transport.AbstractLanguageEndpoint.connect(LanguageEndpoint.xtend:60)
	at org.javacs.Main.run(Main.java:150)
	at org.javacs.Main.main(Main.java:69)

INFO	?	main	2016-09-30T23:48:25.423Z	org.javacs.JavaLanguageServer#doLint	Lint /Users/Tom/Documents/Code/git/euler/src/tomhaslam/euler/code/Main.java
SEVERE	?	main	2016-09-30T23:48:25.424Z	org.javacs.Main$4#onError	Can't find configuration file for /Users/Tom/Documents/Code/git/euler/src/tomhaslam/euler/code/Main.java
org.javacs.ShowMessageException: Can't find configuration file for /Users/Tom/Documents/Code/git/euler/src/tomhaslam/euler/code/Main.java
	at org.javacs.ShowMessageException.create(ShowMessageException.java:30)
	at org.javacs.ShowMessageException.warning(ShowMessageException.java:21)
	at org.javacs.JavaLanguageServer$1.didOpen(JavaLanguageServer.java:194)
	at io.typefox.lsapi.services.transport.server.LanguageServerEndpoint._doAccept(LanguageServerEndpoint.xtend:198)
	at io.typefox.lsapi.services.transport.server.LanguageServerEndpoint.doAccept(LanguageServerEndpoint.xtend:194)
	at io.typefox.lsapi.services.transport.server.LanguageServerEndpoint.accept(LanguageServerEndpoint.xtend:114)
	at io.typefox.lsapi.services.transport.server.LanguageServerEndpoint.accept(LanguageServerEndpoint.xtend)
	at io.typefox.lsapi.services.transport.AbstractLanguageEndpoint.handleMessage(LanguageEndpoint.xtend:67)
	at io.typefox.lsapi.services.transport.AbstractLanguageEndpoint.lambda$connect$4(LanguageEndpoint.xtend:61)
	at io.typefox.lsapi.services.json.StreamMessageReader$1.apply(StreamMessageReader.java:46)
	at io.typefox.lsapi.services.json.StreamMessageReader$1.apply(StreamMessageReader.java:44)
	at io.typefox.lsapi.services.json.StreamMessageReader.handleMessage(StreamMessageReader.xtend:128)
	at io.typefox.lsapi.services.json.StreamMessageReader.listen(StreamMessageReader.xtend:61)
	at io.typefox.lsapi.services.transport.AbstractLanguageEndpoint.connect(LanguageEndpoint.xtend:60)
	at org.javacs.Main.run(Main.java:150)
	at org.javacs.Main.main(Main.java:69)
Caused by: org.javacs.NoJavaConfigException: Can't find configuration file for /Users/Tom/Documents/Code/git/euler/src/tomhaslam/euler/code/Main.java
	at org.javacs.JavaLanguageServer.lambda$findCompiler$22(JavaLanguageServer.java:453)
	at java.util.Optional.orElseThrow(Optional.java:290)
	at org.javacs.JavaLanguageServer.findCompiler(JavaLanguageServer.java:453)
	at org.javacs.JavaLanguageServer.doLint(JavaLanguageServer.java:301)
	at org.javacs.JavaLanguageServer.access$400(JavaLanguageServer.java:29)
	at org.javacs.JavaLanguageServer$1.didOpen(JavaLanguageServer.java:191)
	... 13 more

INFO	?	main	2016-09-30T23:48:25.986Z	org.javacs.JavaLanguageServer#doLint	Lint /Users/Tom/Documents/Code/git/euler/src/tomhaslam/euler/code/Problem.java
SEVERE	?	main	2016-09-30T23:48:25.987Z	org.javacs.Main$4#onError	Can't find configuration file for /Users/Tom/Documents/Code/git/euler/src/tomhaslam/euler/code/Problem.java
org.javacs.ShowMessageException: Can't find configuration file for /Users/Tom/Documents/Code/git/euler/src/tomhaslam/euler/code/Problem.java
	at org.javacs.ShowMessageException.create(ShowMessageException.java:30)
	at org.javacs.ShowMessageException.warning(ShowMessageException.java:21)
	at org.javacs.JavaLanguageServer$1.didOpen(JavaLanguageServer.java:194)
	at io.typefox.lsapi.services.transport.server.LanguageServerEndpoint._doAccept(LanguageServerEndpoint.xtend:198)
	at io.typefox.lsapi.services.transport.server.LanguageServerEndpoint.doAccept(LanguageServerEndpoint.xtend:194)
	at io.typefox.lsapi.services.transport.server.LanguageServerEndpoint.accept(LanguageServerEndpoint.xtend:114)
	at io.typefox.lsapi.services.transport.server.LanguageServerEndpoint.accept(LanguageServerEndpoint.xtend)
	at io.typefox.lsapi.services.transport.AbstractLanguageEndpoint.handleMessage(LanguageEndpoint.xtend:67)
	at io.typefox.lsapi.services.transport.AbstractLanguageEndpoint.lambda$connect$4(LanguageEndpoint.xtend:61)
	at io.typefox.lsapi.services.json.StreamMessageReader$1.apply(StreamMessageReader.java:46)
	at io.typefox.lsapi.services.json.StreamMessageReader$1.apply(StreamMessageReader.java:44)
	at io.typefox.lsapi.services.json.StreamMessageReader.handleMessage(StreamMessageReader.xtend:128)
	at io.typefox.lsapi.services.json.StreamMessageReader.listen(StreamMessageReader.xtend:61)
	at io.typefox.lsapi.services.transport.AbstractLanguageEndpoint.connect(LanguageEndpoint.xtend:60)
	at org.javacs.Main.run(Main.java:150)
	at org.javacs.Main.main(Main.java:69)
Caused by: org.javacs.NoJavaConfigException: Can't find configuration file for /Users/Tom/Documents/Code/git/euler/src/tomhaslam/euler/code/Problem.java
	at org.javacs.JavaLanguageServer.lambda$findCompiler$22(JavaLanguageServer.java:453)
	at java.util.Optional.orElseThrow(Optional.java:290)
	at org.javacs.JavaLanguageServer.findCompiler(JavaLanguageServer.java:453)
	at org.javacs.JavaLanguageServer.doLint(JavaLanguageServer.java:301)
	at org.javacs.JavaLanguageServer.access$400(JavaLanguageServer.java:29)
	at org.javacs.JavaLanguageServer$1.didOpen(JavaLanguageServer.java:191)
	... 13 more

SEVERE	?	main	2016-09-30T23:48:25.988Z	org.javacs.Main$4#onError	Can't find configuration file for /Users/Tom/Documents/Code/git/euler/src/tomhaslam/euler/code/Main.java
org.javacs.NoJavaConfigException: Can't find configuration file for /Users/Tom/Documents/Code/git/euler/src/tomhaslam/euler/code/Main.java
	at org.javacs.JavaLanguageServer.lambda$findCompiler$22(JavaLanguageServer.java:453)
	at java.util.Optional.orElseThrow(Optional.java:290)
	at org.javacs.JavaLanguageServer.findCompiler(JavaLanguageServer.java:453)
	at org.javacs.JavaLanguageServer$1.didClose(JavaLanguageServer.java:225)
	at io.typefox.lsapi.services.transport.server.LanguageServerEndpoint._doAccept(LanguageServerEndpoint.xtend:202)
	at io.typefox.lsapi.services.transport.server.LanguageServerEndpoint.doAccept(LanguageServerEndpoint.xtend:194)
	at io.typefox.lsapi.services.transport.server.LanguageServerEndpoint.accept(LanguageServerEndpoint.xtend:114)
	at io.typefox.lsapi.services.transport.server.LanguageServerEndpoint.accept(LanguageServerEndpoint.xtend)
	at io.typefox.lsapi.services.transport.AbstractLanguageEndpoint.handleMessage(LanguageEndpoint.xtend:67)
	at io.typefox.lsapi.services.transport.AbstractLanguageEndpoint.lambda$connect$4(LanguageEndpoint.xtend:61)
	at io.typefox.lsapi.services.json.StreamMessageReader$1.apply(StreamMessageReader.java:46)
	at io.typefox.lsapi.services.json.StreamMessageReader$1.apply(StreamMessageReader.java:44)
	at io.typefox.lsapi.services.json.StreamMessageReader.handleMessage(StreamMessageReader.xtend:128)
	at io.typefox.lsapi.services.json.StreamMessageReader.listen(StreamMessageReader.xtend:61)
	at io.typefox.lsapi.services.transport.AbstractLanguageEndpoint.connect(LanguageEndpoint.xtend:60)
	at org.javacs.Main.run(Main.java:150)
	at org.javacs.Main.main(Main.java:69)

INFO	?	main	2016-09-30T23:48:26.500Z	org.javacs.JavaLanguageServer#doLint	Lint /Users/Tom/Documents/Code/git/euler/src/tomhaslam/euler/code/Problem0001.java
SEVERE	?	main	2016-09-30T23:48:26.500Z	org.javacs.Main$4#onError	Can't find configuration file for /Users/Tom/Documents/Code/git/euler/src/tomhaslam/euler/code/Problem0001.java
org.javacs.ShowMessageException: Can't find configuration file for /Users/Tom/Documents/Code/git/euler/src/tomhaslam/euler/code/Problem0001.java
	at org.javacs.ShowMessageException.create(ShowMessageException.java:30)
	at org.javacs.ShowMessageException.warning(ShowMessageException.java:21)
	at org.javacs.JavaLanguageServer$1.didOpen(JavaLanguageServer.java:194)
	at io.typefox.lsapi.services.transport.server.LanguageServerEndpoint._doAccept(LanguageServerEndpoint.xtend:198)
	at io.typefox.lsapi.services.transport.server.LanguageServerEndpoint.doAccept(LanguageServerEndpoint.xtend:194)
	at io.typefox.lsapi.services.transport.server.LanguageServerEndpoint.accept(LanguageServerEndpoint.xtend:114)
	at io.typefox.lsapi.services.transport.server.LanguageServerEndpoint.accept(LanguageServerEndpoint.xtend)
	at io.typefox.lsapi.services.transport.AbstractLanguageEndpoint.handleMessage(LanguageEndpoint.xtend:67)
	at io.typefox.lsapi.services.transport.AbstractLanguageEndpoint.lambda$connect$4(LanguageEndpoint.xtend:61)
	at io.typefox.lsapi.services.json.StreamMessageReader$1.apply(StreamMessageReader.java:46)
	at io.typefox.lsapi.services.json.StreamMessageReader$1.apply(StreamMessageReader.java:44)
	at io.typefox.lsapi.services.json.StreamMessageReader.handleMessage(StreamMessageReader.xtend:128)
	at io.typefox.lsapi.services.json.StreamMessageReader.listen(StreamMessageReader.xtend:61)
	at io.typefox.lsapi.services.transport.AbstractLanguageEndpoint.connect(LanguageEndpoint.xtend:60)
	at org.javacs.Main.run(Main.java:150)
	at org.javacs.Main.main(Main.java:69)
Caused by: org.javacs.NoJavaConfigException: Can't find configuration file for /Users/Tom/Documents/Code/git/euler/src/tomhaslam/euler/code/Problem0001.java
	at org.javacs.JavaLanguageServer.lambda$findCompiler$22(JavaLanguageServer.java:453)
	at java.util.Optional.orElseThrow(Optional.java:290)
	at org.javacs.JavaLanguageServer.findCompiler(JavaLanguageServer.java:453)
	at org.javacs.JavaLanguageServer.doLint(JavaLanguageServer.java:301)
	at org.javacs.JavaLanguageServer.access$400(JavaLanguageServer.java:29)
	at org.javacs.JavaLanguageServer$1.didOpen(JavaLanguageServer.java:191)
	... 13 more

SEVERE	?	main	2016-09-30T23:48:26.501Z	org.javacs.Main$4#onError	Can't find configuration file for /Users/Tom/Documents/Code/git/euler/src/tomhaslam/euler/code/Problem.java
org.javacs.NoJavaConfigException: Can't find configuration file for /Users/Tom/Documents/Code/git/euler/src/tomhaslam/euler/code/Problem.java
	at org.javacs.JavaLanguageServer.lambda$findCompiler$22(JavaLanguageServer.java:453)
	at java.util.Optional.orElseThrow(Optional.java:290)
	at org.javacs.JavaLanguageServer.findCompiler(JavaLanguageServer.java:453)
	at org.javacs.JavaLanguageServer$1.didClose(JavaLanguageServer.java:225)
	at io.typefox.lsapi.services.transport.server.LanguageServerEndpoint._doAccept(LanguageServerEndpoint.xtend:202)
	at io.typefox.lsapi.services.transport.server.LanguageServerEndpoint.doAccept(LanguageServerEndpoint.xtend:194)
	at io.typefox.lsapi.services.transport.server.LanguageServerEndpoint.accept(LanguageServerEndpoint.xtend:114)
	at io.typefox.lsapi.services.transport.server.LanguageServerEndpoint.accept(LanguageServerEndpoint.xtend)
	at io.typefox.lsapi.services.transport.AbstractLanguageEndpoint.handleMessage(LanguageEndpoint.xtend:67)
	at io.typefox.lsapi.services.transport.AbstractLanguageEndpoint.lambda$connect$4(LanguageEndpoint.xtend:61)
	at io.typefox.lsapi.services.json.StreamMessageReader$1.apply(StreamMessageReader.java:46)
	at io.typefox.lsapi.services.json.StreamMessageReader$1.apply(StreamMessageReader.java:44)
	at io.typefox.lsapi.services.json.StreamMessageReader.handleMessage(StreamMessageReader.xtend:128)
	at io.typefox.lsapi.services.json.StreamMessageReader.listen(StreamMessageReader.xtend:61)
	at io.typefox.lsapi.services.transport.AbstractLanguageEndpoint.connect(LanguageEndpoint.xtend:60)
	at org.javacs.Main.run(Main.java:150)
	at org.javacs.Main.main(Main.java:69)

SEVERE	?	main	2016-09-30T23:48:49.504Z	org.javacs.Main$4#onError	Can't find configuration file for /Users/Tom/Documents/Code/git/euler/src/tomhaslam/euler/code/Problem0001.java
org.javacs.NoJavaConfigException: Can't find configuration file for /Users/Tom/Documents/Code/git/euler/src/tomhaslam/euler/code/Problem0001.java
	at org.javacs.JavaLanguageServer.lambda$findCompiler$22(JavaLanguageServer.java:453)
	at java.util.Optional.orElseThrow(Optional.java:290)
	at org.javacs.JavaLanguageServer.findCompiler(JavaLanguageServer.java:453)
	at org.javacs.JavaLanguageServer$1.didClose(JavaLanguageServer.java:225)
	at io.typefox.lsapi.services.transport.server.LanguageServerEndpoint._doAccept(LanguageServerEndpoint.xtend:202)
	at io.typefox.lsapi.services.transport.server.LanguageServerEndpoint.doAccept(LanguageServerEndpoint.xtend:194)
	at io.typefox.lsapi.services.transport.server.LanguageServerEndpoint.accept(LanguageServerEndpoint.xtend:114)
	at io.typefox.lsapi.services.transport.server.LanguageServerEndpoint.accept(LanguageServerEndpoint.xtend)
	at io.typefox.lsapi.services.transport.AbstractLanguageEndpoint.handleMessage(LanguageEndpoint.xtend:67)
	at io.typefox.lsapi.services.transport.AbstractLanguageEndpoint.lambda$connect$4(LanguageEndpoint.xtend:61)
	at io.typefox.lsapi.services.json.StreamMessageReader$1.apply(StreamMessageReader.java:46)
	at io.typefox.lsapi.services.json.StreamMessageReader$1.apply(StreamMessageReader.java:44)
	at io.typefox.lsapi.services.json.StreamMessageReader.handleMessage(StreamMessageReader.xtend:128)
	at io.typefox.lsapi.services.json.StreamMessageReader.listen(StreamMessageReader.xtend:61)
	at io.typefox.lsapi.services.transport.AbstractLanguageEndpoint.connect(LanguageEndpoint.xtend:60)
	at org.javacs.Main.run(Main.java:150)
	at org.javacs.Main.main(Main.java:69)

